d:\win\lua\x64\release\vc143.pdb
d:\win\lua\x64\release\lua.obj
d:\win\lua\x64\release\lua.exe
d:\win\lua\x64\release\lua.pdb
d:\win\lua\x64\release\lua.ipdb
d:\win\lua\x64\release\lua.iobj
d:\win\lualearn\x64\release\lua.obj
d:\win\lualearn\x64\release\lua.ipdb
d:\win\lualearn\x64\release\lua.iobj
d:\win\lualearn\x64\release\luac.exp
d:\win\lualearn\x64\release\lua.pdb
d:\win\lualearn\x64\release\vc143.pdb
d:\win\lualearn\x64\release\lua.exe
d:\win\lualearn\x64\release\lua.tlog\cl.command.1.tlog
d:\win\lualearn\x64\release\lua.tlog\cl.items.tlog
d:\win\lualearn\x64\release\lua.tlog\cl.read.1.tlog
d:\win\lualearn\x64\release\lua.tlog\cl.write.1.tlog
d:\win\lualearn\x64\release\lua.tlog\link.command.1.tlog
d:\win\lualearn\x64\release\lua.tlog\link.read.1.tlog
d:\win\lualearn\x64\release\lua.tlog\link.write.1.tlog
d:\win\lualearn\x64\release\lua.tlog\link.write.2u.tlog
