d:\win\lua\liblua\x64\release\vc143.pdb
d:\win\lua\liblua\x64\release\lopcodes.obj
d:\win\lua\liblua\x64\release\lobject.obj
d:\win\lua\liblua\x64\release\loadlib.obj
d:\win\lua\liblua\x64\release\lmem.obj
d:\win\lua\liblua\x64\release\lmathlib.obj
d:\win\lua\liblua\x64\release\llex.obj
d:\win\lua\liblua\x64\release\liolib.obj
d:\win\lua\liblua\x64\release\linit.obj
d:\win\lua\liblua\x64\release\lgc.obj
d:\win\lua\liblua\x64\release\lfunc.obj
d:\win\lua\liblua\x64\release\ldump.obj
d:\win\lua\liblua\x64\release\ldo.obj
d:\win\lua\liblua\x64\release\ldebug.obj
d:\win\lua\liblua\x64\release\ldblib.obj
d:\win\lua\liblua\x64\release\lctype.obj
d:\win\lua\liblua\x64\release\lcorolib.obj
d:\win\lua\liblua\x64\release\lcode.obj
d:\win\lua\liblua\x64\release\lbaselib.obj
d:\win\lua\liblua\x64\release\lauxlib.obj
d:\win\lua\liblua\x64\release\lapi.obj
d:\win\lua\liblua\x64\release\lzio.obj
d:\win\lua\liblua\x64\release\lvm.obj
d:\win\lua\liblua\x64\release\lutf8lib.obj
d:\win\lua\liblua\x64\release\lundump.obj
d:\win\lua\liblua\x64\release\ltm.obj
d:\win\lua\liblua\x64\release\ltablib.obj
d:\win\lua\liblua\x64\release\ltable.obj
d:\win\lua\liblua\x64\release\lstrlib.obj
d:\win\lua\liblua\x64\release\lstring.obj
d:\win\lua\liblua\x64\release\lstate.obj
d:\win\lua\liblua\x64\release\lparser.obj
d:\win\lua\liblua\x64\release\loslib.obj
d:\win\lua\x64\release\liblua.dll
d:\win\lua\liblua\x64\release\liblua.ipdb
d:\win\lua\x64\release\liblua.pdb
d:\win\lua\liblua\x64\release\liblua.iobj
d:\win\lua\x64\release\liblua.lib
d:\win\lua\x64\release\liblua.exp
d:\win\lualearn\liblua\x64\release\lapi.obj
d:\win\lualearn\liblua\x64\release\lauxlib.obj
d:\win\lualearn\liblua\x64\release\lbaselib.obj
d:\win\lualearn\liblua\x64\release\lcode.obj
d:\win\lualearn\liblua\x64\release\lcorolib.obj
d:\win\lualearn\liblua\x64\release\lctype.obj
d:\win\lualearn\liblua\x64\release\ldblib.obj
d:\win\lualearn\liblua\x64\release\ldebug.obj
d:\win\lualearn\liblua\x64\release\ldo.obj
d:\win\lualearn\liblua\x64\release\ldump.obj
d:\win\lualearn\liblua\x64\release\lfunc.obj
d:\win\lualearn\liblua\x64\release\lgc.obj
d:\win\lualearn\liblua\x64\release\linit.obj
d:\win\lualearn\liblua\x64\release\liolib.obj
d:\win\lualearn\liblua\x64\release\llex.obj
d:\win\lualearn\liblua\x64\release\lmathlib.obj
d:\win\lualearn\liblua\x64\release\lmem.obj
d:\win\lualearn\liblua\x64\release\loadlib.obj
d:\win\lualearn\liblua\x64\release\lobject.obj
d:\win\lualearn\liblua\x64\release\lopcodes.obj
d:\win\lualearn\liblua\x64\release\loslib.obj
d:\win\lualearn\liblua\x64\release\lparser.obj
d:\win\lualearn\liblua\x64\release\lstate.obj
d:\win\lualearn\liblua\x64\release\lstring.obj
d:\win\lualearn\liblua\x64\release\lstrlib.obj
d:\win\lualearn\liblua\x64\release\ltable.obj
d:\win\lualearn\liblua\x64\release\ltablib.obj
d:\win\lualearn\liblua\x64\release\ltm.obj
d:\win\lualearn\liblua\x64\release\lundump.obj
d:\win\lualearn\liblua\x64\release\lutf8lib.obj
d:\win\lualearn\liblua\x64\release\lvm.obj
d:\win\lualearn\liblua\x64\release\lzio.obj
d:\win\lualearn\liblua\x64\release\liblua.ipdb
d:\win\lualearn\liblua\x64\release\liblua.iobj
d:\win\lualearn\liblua\x64\release\vc143.pdb
d:\win\lualearn\x64\release\liblua.dll
d:\win\lualearn\liblua\x64\release\liblua.tlog\cl.command.1.tlog
d:\win\lualearn\liblua\x64\release\liblua.tlog\cl.items.tlog
d:\win\lualearn\liblua\x64\release\liblua.tlog\cl.read.1.tlog
d:\win\lualearn\liblua\x64\release\liblua.tlog\cl.write.1.tlog
d:\win\lualearn\liblua\x64\release\liblua.tlog\link.command.1.tlog
d:\win\lualearn\liblua\x64\release\liblua.tlog\link.read.1.tlog
d:\win\lualearn\liblua\x64\release\liblua.tlog\link.write.1.tlog
d:\win\lualearn\liblua\x64\release\liblua.tlog\link.write.2u.tlog
